\BOOKMARK [1][-]{section.1}{\376\377\000E\000l\000e\000k\000t\000r\000i\000s\000c\000h\000e\000\040\000F\000e\000l\000d\000e\000r}{}% 1
\BOOKMARK [2][-]{subsection.1.1}{\376\377\000I\000n\000f\000l\000u\000e\000n\000z}{section.1}% 2
\BOOKMARK [1][-]{section.2}{\376\377\000M\000a\000g\000n\000e\000t\000i\000s\000c\000h\000e\000s\000\040\000F\000e\000l\000d}{}% 3
\BOOKMARK [2][-]{subsection.2.1}{\376\377\000M\000a\000g\000n\000e\000t\000f\000e\000l\000d\000\040\000e\000i\000n\000e\000s\000\040\000l\000a\000n\000g\000e\000n\000,\000\040\000s\000t\000r\000o\000m\000d\000u\000r\000c\000h\000f\000l\000o\000s\000s\000e\000n\000e\000n\000\040\000L\000e\000i\000t\000e\000r\000s}{section.2}% 4
\BOOKMARK [2][-]{subsection.2.2}{\376\377\000M\000a\000g\000n\000e\000t\000f\000e\000l\000d\000\040\000e\000i\000n\000e\000r\000\040\000s\000t\000r\000o\000m\000d\000u\000r\000c\000h\000f\000l\000o\000s\000s\000e\000n\000e\000n\000\040\000S\000p\000u\000l\000e}{section.2}% 5
\BOOKMARK [2][-]{subsection.2.3}{\376\377\000D\000i\000e\000\040\000L\000o\000r\000e\000n\000t\000z\000k\000r\000a\000f\000t\000\040\000F\000L}{section.2}% 6
\BOOKMARK [2][-]{subsection.2.4}{\376\377\000D\000i\000e\000\040\000M\000a\000g\000n\000e\000t\000i\000s\000c\000h\000e\000\040\000F\000l\000u\000s\000s\000d\000i\000c\000h\000t\000e}{section.2}% 7
\BOOKMARK [2][-]{subsection.2.5}{\376\377\000B\000e\000w\000e\000g\000t\000e\000\040\000L\000a\000d\000u\000n\000g\000s\000t\000r\000\344\000g\000e\000r\000\040\000i\000m\000\040\000M\000a\000g\000n\000e\000t\000f\000e\000l\000d}{section.2}% 8
\BOOKMARK [1][-]{section.3}{\376\377\000I\000n\000d\000u\000k\000t\000i\000o\000n}{}% 9
\BOOKMARK [2][-]{subsection.3.1}{\376\377\000I\000n\000d\000u\000k\000t\000i\000o\000n\000s\000b\000e\000d\000i\000n\000g\000u\000n\000g\000e\000n}{section.3}% 10
\BOOKMARK [2][-]{subsection.3.2}{\376\377\000D\000i\000e\000\040\000L\000e\000n\000z\000s\000c\000h\000e\000\040\000R\000e\000g\000e\000l}{section.3}% 11
\BOOKMARK [2][-]{subsection.3.3}{\376\377\000S\000e\000l\000b\000s\000t\000i\000n\000d\000u\000k\000t\000i\000o\000n}{section.3}% 12
\BOOKMARK [1][-]{section.4}{\376\377\000S\000c\000h\000w\000i\000n\000g\000u\000n\000g\000e\000n}{}% 13
\BOOKMARK [2][-]{subsection.4.1}{\376\377\000M\000e\000c\000h\000a\000n\000i\000s\000c\000h\000e\000\040\000u\000n\000d\000\040\000E\000l\000e\000k\000t\000r\000o\000m\000a\000g\000n\000e\000t\000i\000s\000c\000h\000e\000\040\000S\000c\000h\000w\000i\000n\000g\000u\000n\000g\000e\000n}{section.4}% 14
\BOOKMARK [2][-]{subsection.4.2}{\376\377\000E\000r\000z\000w\000u\000n\000g\000e\000n\000e\000\040\000S\000c\000h\000w\000i\000n\000g\000u\000n\000g\000e\000n\000,\000\040\000R\000e\000s\000o\000n\000a\000n\000z}{section.4}% 15
\BOOKMARK [2][-]{subsection.4.3}{\376\377\000E\000l\000e\000k\000t\000r\000o\000m\000a\000g\000n\000e\000t\000i\000s\000c\000h\000e\000r\000\040\000S\000c\000h\000w\000i\000n\000g\000k\000r\000e\000i\000s}{section.4}% 16
\BOOKMARK [1][-]{section.5}{\376\377\000W\000e\000l\000l\000e\000n}{}% 17
\BOOKMARK [2][-]{subsection.5.1}{\376\377\000g\000e\000k\000o\000p\000p\000e\000l\000t\000e\000\040\000S\000c\000h\000w\000i\000n\000g\000u\000n\000g\000e\000n}{section.5}% 18
\BOOKMARK [2][-]{subsection.5.2}{\376\377\000W\000e\000l\000l\000e\000n\000a\000r\000t\000e\000n}{section.5}% 19
\BOOKMARK [2][-]{subsection.5.3}{\376\377\000E\000i\000n\000g\000e\000n\000s\000c\000h\000a\000f\000t\000e\000n\000\040\000v\000o\000n\000\040\000W\000e\000l\000l\000e\000n}{section.5}% 20
\BOOKMARK [2][-]{subsection.5.4}{\376\377\000s\000t\000e\000h\000e\000n\000d\000e\000\040\000W\000e\000l\000l\000e\000n}{section.5}% 21
\BOOKMARK [1][-]{section.6}{\376\377\000D\000o\000p\000p\000l\000e\000r\000\040\000e\000f\000f\000e\000k\000t}{}% 22
\BOOKMARK [2][-]{subsection.6.1}{\376\377\000B\000e\000w\000e\000g\000t\000e\000\040\000Q\000u\000e\000l\000l\000e}{section.6}% 23
\BOOKMARK [2][-]{subsection.6.2}{\376\377\000B\000e\000w\000e\000g\000t\000e\000r\000\040\000B\000e\000o\000b\000a\000c\000h\000t\000e\000r}{section.6}% 24
\BOOKMARK [1][-]{section.7}{\376\377\000D\000e\000r\000\040\000L\000i\000c\000h\000t\000e\000l\000e\000k\000t\000r\000i\000s\000c\000h\000e\000\040\000E\000f\000f\000e\000k\000t\000\040\000\050\000F\000o\000t\000o\000e\000f\000f\000e\000k\000t\000\051}{}% 25
\BOOKMARK [2][-]{subsection.7.1}{\376\377\000F\000o\000t\000o\000e\000f\000f\000e\000k\000t\000\040\000Z\000u\000s\000a\000m\000m\000e\000n\000f\000a\000s\000s\000u\000n\000g}{section.7}% 26
\BOOKMARK [2][-]{subsection.7.2}{\376\377\000L\000i\000c\000h\000t\000q\000u\000a\000n\000t\000e\000n\000h\000y\000p\000o\000t\000h\000e\000s\000e\000\040\000n\000a\000c\000h\000\040\000A\000l\000b\000e\000r\000t\000\040\000E\000i\000n\000s\000t\000e\000i\000n}{section.7}% 27
\BOOKMARK [1][-]{section.8}{\376\377\000E\000x\000k\000u\000r\000s\000:\000\040\000\304\000q\000u\000i\000v\000a\000l\000e\000n\000z\000\040\000v\000o\000n\000\040\000M\000a\000s\000s\000e\000\040\000u\000n\000d\000\040\000E\000n\000e\000r\000g\000i\000e}{}% 28
\BOOKMARK [1][-]{section.9}{\376\377\000E\000l\000e\000k\000t\000r\000o\000n\000e\000n\000w\000e\000l\000l\000e\000n}{}% 29
\BOOKMARK [2][-]{subsection.9.1}{\376\377\000E\000l\000e\000k\000t\000r\000o\000n\000e\000n\000w\000e\000l\000l\000e\000n\000\040\000-\000\040\000d\000i\000e\000\040\000H\000y\000p\000o\000t\000h\000e\000s\000e\000n\000\040\000u\000m\000\040\000d\000e\000\040\000B\000r\000o\000g\000l\000i\000e}{section.9}% 30
\BOOKMARK [3][-]{subsubsection.9.1.1}{\376\377\000A\000b\000s\000c\000h\000\344\000t\000z\000u\000n\000g\000\040\000d\000e\000r\000\040\000W\000e\000l\000l\000e\000n\000l\000\344\000n\000g\000e\000\040\000d\000e\000r\000\040\000E\000l\000e\000k\000t\000r\000o\000n\000e\000n\000w\000e\000l\000l\000e}{subsection.9.1}% 31
\BOOKMARK [2][-]{subsection.9.2}{\376\377\000E\000i\000n\000s\000c\000h\000u\000b\000:\000\040\000B\000r\000a\000g\000g\000-\000R\000e\000f\000l\000e\000x\000i\000o\000n\000e\000n}{section.9}% 32
\BOOKMARK [2][-]{subsection.9.3}{\376\377\000Q\000u\000a\000n\000t\000e\000n\000o\000b\000j\000e\000k\000t\000e}{section.9}% 33
\BOOKMARK [2][-]{subsection.9.4}{\376\377\000W\000e\000s\000e\000n\000s\000z\000\374\000g\000e\000\040\000v\000o\000n\000\040\000Q\000u\000a\000n\000t\000e\000n\000o\000b\000j\000e\000k\000t\000e\000n}{section.9}% 34
\BOOKMARK [1][-]{section.10}{\376\377\000A\000t\000o\000m\000p\000h\000y\000s\000i\000k}{}% 35
\BOOKMARK [2][-]{subsection.10.1}{\376\377\000E\000n\000e\000r\000g\000i\000s\000t\000u\000f\000e\000n\000\040\000i\000n\000\040\000A\000t\000o\000m\000e\000n}{section.10}% 36
\BOOKMARK [2][-]{subsection.10.2}{\376\377\000E\000x\000k\000u\000r\000s\000:\000\040\000E\000n\000t\000w\000i\000c\000k\000l\000u\000n\000g\000\040\000d\000e\000s\000\040\000A\000t\000o\000m\000m\000o\000d\000e\000l\000l\000s}{section.10}% 37
\BOOKMARK [2][-]{subsection.10.3}{\376\377\000B\000o\000h\000r\000'\000s\000c\000h\000e\000\040\000P\000o\000s\000t\000u\000l\000a\000t\000e}{section.10}% 38
\BOOKMARK [3][-]{subsubsection.10.3.1}{\376\377\0002\000.\000\040\000B\000o\000h\000r\000'\000s\000c\000h\000e\000\040\000P\000o\000s\000t\000u\000l\000a\000t\000:\000\040\000F\000r\000e\000q\000u\000e\000n\000z\000b\000e\000d\000i\000n\000g\000u\000n\000g}{subsection.10.3}% 39
\BOOKMARK [3][-]{subsubsection.10.3.2}{\376\377\0001\000.\000\040\000B\000o\000h\000r\000'\000s\000c\000h\000e\000\040\000P\000o\000s\000t\000u\000l\000a\000t\000:\000\040\000Q\000u\000a\000n\000t\000e\000n\000b\000e\000d\000i\000n\000g\000u\000n\000g}{subsection.10.3}% 40
\BOOKMARK [2][-]{subsection.10.4}{\376\377\000D\000a\000s\000\040\000A\000t\000o\000m\000m\000o\000d\000e\000l\000l\000\040\000d\000e\000r\000\040\000Q\000u\000a\000n\000t\000e\000n\000p\000h\000y\000s\000i\000k}{section.10}% 41
\BOOKMARK [1][-]{section.11}{\376\377\000B\000e\000g\000r\000i\000f\000f\000s\000k\000l\000\344\000r\000u\000n\000g}{}% 42
